<?xml version="1.0" encoding="UTF-8"?>
<testsuite name="org.example.CommitObjects.TreeTest" tests="3" skipped="0" failures="0" errors="0" timestamp="2025-02-17T03:31:50" hostname="Tylers-MacBook.local" time="0.043">
  <properties/>
  <testcase name="makeATreeWithOneFile()" classname="org.example.CommitObjects.TreeTest" time="0.011"/>
  <testcase name="testGetIndexFileOneEntry()" classname="org.example.CommitObjects.TreeTest" time="0.015"/>
  <testcase name="testGetIndexFileMultipleEntries()" classname="org.example.CommitObjects.TreeTest" time="0.015"/>
  <system-out><![CDATA[Created .jit
index file created.
HEAD file created.
objects directory created.
refs directory created.
]]></system-out>
  <system-err><![CDATA[]]></system-err>
</testsuite>
