<?xml version="1.0" encoding="UTF-8"?>
<testsuite name="org.example.CommitObjects.BlobTest" tests="3" skipped="0" failures="0" errors="0" timestamp="2025-02-17T03:31:50" hostname="Tylers-MacBook.local" time="0.008">
  <properties/>
  <testcase name="canCreateObjectString()" classname="org.example.CommitObjects.BlobTest" time="0.002"/>
  <testcase name="canCreateBlob()" classname="org.example.CommitObjects.BlobTest" time="0.003"/>
  <testcase name="canCreateHash()" classname="org.example.CommitObjects.BlobTest" time="0.001"/>
  <system-out><![CDATA[]]></system-out>
  <system-err><![CDATA[]]></system-err>
</testsuite>
