<?xml version="1.0" encoding="UTF-8"?>
<testsuite name="org.example.Commands.StatusTest" tests="5" skipped="0" failures="0" errors="0" timestamp="2025-02-17T03:31:50" hostname="Tylers-MacBook.local" time="0.038">
  <properties/>
  <testcase name="noChangesToReport()" classname="org.example.Commands.StatusTest" time="0.003"/>
  <testcase name="addedFilesToReport()" classname="org.example.Commands.StatusTest" time="0.008"/>
  <testcase name="multipleFilesToReport()" classname="org.example.Commands.StatusTest" time="0.006"/>
  <testcase name="addFilesThenChangeTest()" classname="org.example.Commands.StatusTest" time="0.013"/>
  <testcase name="deletedFilesToReport()" classname="org.example.Commands.StatusTest" time="0.001"/>
  <system-out><![CDATA[Created .jit
index file created.
HEAD file created.
objects directory created.
refs directory created.
[hash = 086fdd7631d586d121a6192c5987834ac6cbf9f0]
[hash = 086fdd7631d586d121a6192c5987834ac6cbf9f0]
]]></system-out>
  <system-err><![CDATA[]]></system-err>
</testsuite>
