<?xml version="1.0" encoding="UTF-8"?>
<testsuite name="org.example.Commands.AddTest" tests="4" skipped="0" failures="0" errors="0" timestamp="2025-02-17T03:31:50" hostname="Tylers-MacBook.local" time="0.122">
  <properties/>
  <testcase name="addOneFile()" classname="org.example.Commands.AddTest" time="0.071"/>
  <testcase name="addMultipleFiles()" classname="org.example.Commands.AddTest" time="0.016"/>
  <testcase name="writeToFileAndReadItt()" classname="org.example.Commands.AddTest" time="0.012"/>
  <testcase name="checkRedundantAdds()" classname="org.example.Commands.AddTest" time="0.013"/>
  <system-out><![CDATA[Created .jit
index file created.
HEAD file created.
objects directory created.
refs directory created.
]]></system-out>
  <system-err><![CDATA[]]></system-err>
</testsuite>
